2025-08-25 17:36:51,553 - __main__ - INFO - === INFORMACIÓN DEL SISTEMA ===
2025-08-25 17:36:51,554 - __main__ - INFO - OS: posix
2025-08-25 17:36:51,556 - __main__ - INFO - CPU: 22.2%
2025-08-25 17:36:51,557 - __main__ - INFO - Memoria: 11.0%
2025-08-25 17:36:51,558 - __main__ - INFO - OpenCV Version: 4.11.0
2025-08-25 17:36:51,559 - __main__ - INFO - === DETECTANDO CÁMARAS DISPONIBLES ===
2025-08-25 18:39:27,155 - __main__ - INFO - === INFORMACIÓN DEL SISTEMA ===
2025-08-25 18:39:27,156 - __main__ - INFO - OS: posix
2025-08-25 18:39:27,158 - __main__ - INFO - CPU: 0.0%
2025-08-25 18:39:27,160 - __main__ - INFO - Memoria: 10.9%
2025-08-25 18:39:27,160 - __main__ - INFO - OpenCV Version: 4.11.0
2025-08-25 18:39:27,162 - __main__ - INFO -  Ejecutándose en contenedor Docker
2025-08-25 18:39:27,163 - __main__ - INFO - Capacidades efectivas: CapEff:	000001ffffffffff
2025-08-25 18:39:27,166 - __main__ - INFO - === INICIALIZANDO CÁMARAS ===
2025-08-25 18:39:27,167 - __main__ - INFO - === DETECTANDO CÁMARAS DISPONIBLES ===
2025-08-25 18:39:27,168 - __main__ - INFO - === VERIFICANDO DISPOSITIVOS DEL SISTEMA ===
2025-08-25 18:39:27,169 - __main__ - INFO - ✓ Encontrado dispositivo: /dev/video0
2025-08-25 18:39:27,170 - __main__ - INFO - ✓ Encontrado dispositivo: /dev/video1
2025-08-25 18:39:27,171 - __main__ - INFO - ✓ Encontrado dispositivo: /dev/video2
2025-08-25 18:39:27,173 - __main__ - INFO - ✓ Encontrado dispositivo: /dev/video3
2025-08-25 18:39:27,174 - __main__ - INFO - ✓ Encontrado dispositivo: /dev/video4
2025-08-25 18:39:27,175 - __main__ - INFO - ✓ Encontrado dispositivo: /dev/video5
2025-08-25 18:39:27,177 - __main__ - INFO - ✓ Encontrado dispositivo: /dev/video6
2025-08-25 18:39:27,178 - __main__ - INFO - ✓ Encontrado dispositivo: /dev/video7
2025-08-25 18:39:27,491 - __main__ - INFO - === DISPOSITIVOS V4L2 ===
2025-08-25 18:39:27,492 - __main__ - INFO - V4L2: USB CAMERA: USB CAMERA (usb-vhci_hcd.0-1):
2025-08-25 18:39:27,493 - __main__ - INFO - V4L2: /dev/video0
2025-08-25 18:39:27,494 - __main__ - INFO - V4L2: /dev/video1
2025-08-25 18:39:27,495 - __main__ - INFO - V4L2: /dev/media0
2025-08-25 18:39:27,496 - __main__ - INFO - V4L2: USB CAMERA: USB CAMERA (usb-vhci_hcd.0-2):
2025-08-25 18:39:27,497 - __main__ - INFO - V4L2: /dev/video2
2025-08-25 18:39:27,498 - __main__ - INFO - V4L2: /dev/video3
2025-08-25 18:39:27,499 - __main__ - INFO - V4L2: /dev/media1
2025-08-25 18:39:27,499 - __main__ - INFO - V4L2: USB CAMERA: USB CAMERA (usb-vhci_hcd.0-3):
2025-08-25 18:39:27,500 - __main__ - INFO - V4L2: /dev/video4
2025-08-25 18:39:27,501 - __main__ - INFO - V4L2: /dev/video5
2025-08-25 18:39:27,502 - __main__ - INFO - V4L2: /dev/media2
2025-08-25 18:39:27,503 - __main__ - INFO - V4L2: USB CAMERA: USB CAMERA (usb-vhci_hcd.0-4):
2025-08-25 18:39:27,504 - __main__ - INFO - V4L2: /dev/video6
2025-08-25 18:39:27,505 - __main__ - INFO - V4L2: /dev/video7
2025-08-25 18:39:27,506 - __main__ - INFO - V4L2: /dev/media3
2025-08-25 18:39:27,506 - __main__ - INFO - Dispositivo /dev/video0 - Permisos: 660
2025-08-25 18:39:27,507 - __main__ - INFO - Dispositivo /dev/video1 - Permisos: 660
2025-08-25 18:39:27,508 - __main__ - INFO - Dispositivo /dev/video2 - Permisos: 660
2025-08-25 18:39:27,509 - __main__ - INFO - Dispositivo /dev/video3 - Permisos: 660
2025-08-25 18:39:27,509 - __main__ - INFO - Dispositivo /dev/video4 - Permisos: 660
2025-08-25 18:39:27,510 - __main__ - INFO - Dispositivo /dev/video5 - Permisos: 660
2025-08-25 18:39:27,511 - __main__ - INFO - Dispositivo /dev/video6 - Permisos: 660
2025-08-25 18:39:27,512 - __main__ - INFO - Dispositivo /dev/video7 - Permisos: 660
2025-08-25 18:39:27,513 - __main__ - INFO - Probando índices de cámara: [0, 1, 2, 3, 4, 5, 6, 7]
2025-08-25 18:39:27,514 - __main__ - DEBUG - Probando cámara índice 0...
2025-08-25 18:39:38,181 - __main__ - DEBUG - ❌ Cámara 0: Se abre pero no puede leer frames
2025-08-25 18:39:38,405 - __main__ - DEBUG - Probando cámara índice 1...
2025-08-25 18:39:38,906 - __main__ - DEBUG - ❌ Cámara 1: No se puede abrir
2025-08-25 18:39:39,107 - __main__ - DEBUG - Probando cámara índice 2...
2025-08-25 18:39:49,862 - __main__ - DEBUG - ❌ Cámara 2: Se abre pero no puede leer frames
2025-08-25 18:39:50,089 - __main__ - DEBUG - Probando cámara índice 3...
2025-08-25 18:39:50,590 - __main__ - DEBUG - ❌ Cámara 3: No se puede abrir
2025-08-25 18:39:50,792 - __main__ - DEBUG - Probando cámara índice 4...
2025-08-25 18:40:03,403 - __main__ - DEBUG - ❌ Cámara 4: Se abre pero no puede leer frames
2025-08-25 18:40:03,625 - __main__ - DEBUG - Probando cámara índice 5...
2025-08-25 18:40:04,127 - __main__ - DEBUG - ❌ Cámara 5: No se puede abrir
2025-08-25 18:40:04,328 - __main__ - DEBUG - Probando cámara índice 6...
2025-08-25 18:40:15,063 - __main__ - DEBUG - ❌ Cámara 6: Se abre pero no puede leer frames
2025-08-25 18:40:15,289 - __main__ - DEBUG - Probando cámara índice 7...
2025-08-25 18:40:15,791 - __main__ - DEBUG - ❌ Cámara 7: No se puede abrir
2025-08-25 18:40:15,992 - __main__ - INFO - === PROBANDO RUTAS DIRECTAS DE DISPOSITIVOS ===
2025-08-25 18:40:15,993 - __main__ - DEBUG - Probando ruta directa /dev/video0...
2025-08-25 18:40:28,516 - __main__ - DEBUG - Probando ruta directa /dev/video1...
2025-08-25 18:40:29,018 - __main__ - DEBUG - Probando ruta directa /dev/video2...
2025-08-25 18:40:39,797 - __main__ - DEBUG - Probando ruta directa /dev/video3...
2025-08-25 18:40:40,299 - __main__ - DEBUG - Probando ruta directa /dev/video4...
2025-08-25 18:40:51,053 - __main__ - DEBUG - Probando ruta directa /dev/video5...
2025-08-25 18:40:51,554 - __main__ - DEBUG - Probando ruta directa /dev/video6...
2025-08-25 18:41:04,211 - __main__ - DEBUG - Probando ruta directa /dev/video7...
2025-08-25 18:41:04,712 - __main__ - INFO - Cámaras detectadas finalmente: []
2025-08-25 18:41:04,713 - __main__ - ERROR - ❌ No se detectaron cámaras disponibles
2025-08-25 18:41:04,714 - __main__ - CRITICAL - ❌ ¡ADVERTENCIA! No se encontraron cámaras disponibles.
2025-08-25 18:41:04,715 - __main__ - INFO -  Sugerencias para Docker:
2025-08-25 18:41:04,716 - __main__ - INFO -    - Verifica que docker-compose.yml tiene 'privileged: true'
2025-08-25 18:41:04,717 - __main__ - INFO -    - Confirma que devices: /dev/video* están mapeados
2025-08-25 18:41:04,718 - __main__ - INFO -    - Asegúrate de que las cámaras no están siendo usadas por otras apps
2025-08-25 18:41:04,719 - __main__ - INFO -    - En el host, ejecuta: ls -la /dev/video*
2025-08-25 18:41:04,728 - werkzeug - INFO - [31m[1mWARNING: This is a development server. Do not use it in a production deployment. Use a production WSGI server instead.[0m
 * Running on all addresses (0.0.0.0)
 * Running on http://127.0.0.1:5000
 * Running on http://172.18.0.2:5000
2025-08-25 18:41:04,729 - werkzeug - INFO - [33mPress CTRL+C to quit[0m
2025-08-25 18:41:13,199 - __main__ - DEBUG - Solicitud de estado de cámaras
2025-08-25 18:41:13,200 - werkzeug - INFO - 127.0.0.1 - - [25/Aug/2025 18:41:13] "GET /status HTTP/1.1" 200 -
2025-08-25 18:41:41,750 - __main__ - INFO - Página principal cargada - Cámaras disponibles: []
2025-08-25 18:41:41,783 - werkzeug - INFO - 172.18.0.1 - - [25/Aug/2025 18:41:41] "GET / HTTP/1.1" 200 -
2025-08-25 18:41:41,831 - __main__ - DEBUG - Solicitud de estado de cámaras
2025-08-25 18:41:41,833 - werkzeug - INFO - 172.18.0.1 - - [25/Aug/2025 18:41:41] "GET /status HTTP/1.1" 200 -
2025-08-25 18:41:45,417 - __main__ - DEBUG - Solicitud de estado de cámaras
2025-08-25 18:41:45,418 - werkzeug - INFO - 127.0.0.1 - - [25/Aug/2025 18:41:45] "GET /status HTTP/1.1" 200 -
2025-08-25 18:41:46,581 - __main__ - INFO - Página principal cargada - Cámaras disponibles: []
2025-08-25 18:41:46,583 - werkzeug - INFO - 172.18.0.1 - - [25/Aug/2025 18:41:46] "GET / HTTP/1.1" 200 -
2025-08-25 18:41:46,639 - __main__ - DEBUG - Solicitud de estado de cámaras
2025-08-25 18:41:46,641 - werkzeug - INFO - 172.18.0.1 - - [25/Aug/2025 18:41:46] "GET /status HTTP/1.1" 200 -
2025-08-25 18:42:17,421 - __main__ - DEBUG - Solicitud de estado de cámaras
2025-08-25 18:42:17,422 - werkzeug - INFO - 127.0.0.1 - - [25/Aug/2025 18:42:17] "GET /status HTTP/1.1" 200 -
2025-08-25 18:42:17,454 - __main__ - DEBUG - Solicitud de estado de cámaras
2025-08-25 18:42:17,455 - werkzeug - INFO - 172.18.0.1 - - [25/Aug/2025 18:42:17] "GET /status HTTP/1.1" 200 -
2025-08-25 18:42:47,626 - __main__ - DEBUG - Solicitud de estado de cámaras
2025-08-25 18:42:47,627 - werkzeug - INFO - 172.18.0.1 - - [25/Aug/2025 18:42:47] "GET /status HTTP/1.1" 200 -
2025-08-25 18:42:49,398 - __main__ - DEBUG - Solicitud de estado de cámaras
2025-08-25 18:42:49,400 - werkzeug - INFO - 127.0.0.1 - - [25/Aug/2025 18:42:49] "GET /status HTTP/1.1" 200 -
2025-08-25 18:43:17,513 - __main__ - DEBUG - Solicitud de estado de cámaras
2025-08-25 18:43:17,514 - werkzeug - INFO - 172.18.0.1 - - [25/Aug/2025 18:43:17] "GET /status HTTP/1.1" 200 -
2025-08-25 18:43:21,454 - __main__ - DEBUG - Solicitud de estado de cámaras
2025-08-25 18:43:21,455 - werkzeug - INFO - 127.0.0.1 - - [25/Aug/2025 18:43:21] "GET /status HTTP/1.1" 200 -
2025-08-25 18:43:47,935 - __main__ - DEBUG - Solicitud de estado de cámaras
2025-08-25 18:43:47,936 - werkzeug - INFO - 172.18.0.1 - - [25/Aug/2025 18:43:47] "GET /status HTTP/1.1" 200 -
2025-08-25 18:43:53,663 - __main__ - DEBUG - Solicitud de estado de cámaras
2025-08-25 18:43:53,664 - werkzeug - INFO - 127.0.0.1 - - [25/Aug/2025 18:43:53] "GET /status HTTP/1.1" 200 -
2025-08-25 18:44:18,037 - __main__ - DEBUG - Solicitud de estado de cámaras
2025-08-25 18:44:18,038 - werkzeug - INFO - 172.18.0.1 - - [25/Aug/2025 18:44:18] "GET /status HTTP/1.1" 200 -
2025-08-25 18:44:25,550 - __main__ - DEBUG - Solicitud de estado de cámaras
2025-08-25 18:44:25,552 - werkzeug - INFO - 127.0.0.1 - - [25/Aug/2025 18:44:25] "GET /status HTTP/1.1" 200 -
2025-08-25 18:44:48,185 - __main__ - DEBUG - Solicitud de estado de cámaras
2025-08-25 18:44:48,186 - werkzeug - INFO - 172.18.0.1 - - [25/Aug/2025 18:44:48] "GET /status HTTP/1.1" 200 -
2025-08-25 18:44:57,517 - __main__ - DEBUG - Solicitud de estado de cámaras
2025-08-25 18:44:57,518 - werkzeug - INFO - 127.0.0.1 - - [25/Aug/2025 18:44:57] "GET /status HTTP/1.1" 200 -
2025-08-25 18:45:18,087 - __main__ - DEBUG - Solicitud de estado de cámaras
2025-08-25 18:45:18,089 - werkzeug - INFO - 172.18.0.1 - - [25/Aug/2025 18:45:18] "GET /status HTTP/1.1" 200 -
2025-08-25 18:45:29,642 - __main__ - DEBUG - Solicitud de estado de cámaras
2025-08-25 18:45:29,644 - werkzeug - INFO - 127.0.0.1 - - [25/Aug/2025 18:45:29] "GET /status HTTP/1.1" 200 -
2025-08-25 18:45:59,583 - __main__ - DEBUG - Solicitud de estado de cámaras
2025-08-25 18:45:59,584 - werkzeug - INFO - 172.18.0.1 - - [25/Aug/2025 18:45:59] "GET /status HTTP/1.1" 200 -
2025-08-25 18:46:01,847 - __main__ - DEBUG - Solicitud de estado de cámaras
2025-08-25 18:46:01,849 - werkzeug - INFO - 127.0.0.1 - - [25/Aug/2025 18:46:01] "GET /status HTTP/1.1" 200 -
2025-08-25 19:12:12,029 - __main__ - INFO - === INFORMACIÓN DEL SISTEMA ===
2025-08-25 19:12:12,030 - __main__ - INFO - OS: posix
2025-08-25 19:12:12,031 - __main__ - INFO - CPU: 5.6%
2025-08-25 19:12:12,032 - __main__ - INFO - Memoria: 10.3%
2025-08-25 19:12:12,032 - __main__ - INFO - OpenCV Version: 4.11.0
2025-08-25 19:12:12,033 - __main__ - INFO -  Ejecutándose en contenedor Docker
2025-08-25 19:12:12,034 - __main__ - INFO - Capacidades efectivas: CapEff:	000001ffffffffff
2025-08-25 19:12:12,035 - __main__ - INFO - === INICIALIZANDO CÁMARAS ===
2025-08-25 19:12:12,035 - __main__ - INFO - === DETECTANDO CÁMARAS CON MÚLTIPLES BACKENDS ===
2025-08-25 19:12:12,036 - __main__ - INFO - === VERIFICANDO DISPOSITIVOS DEL SISTEMA ===
2025-08-25 19:12:12,037 - __main__ - INFO - ✓ Encontrado dispositivo: /dev/video0
2025-08-25 19:12:12,037 - __main__ - INFO - ✓ Encontrado dispositivo: /dev/video1
2025-08-25 19:12:12,038 - __main__ - INFO - ✓ Encontrado dispositivo: /dev/video2
2025-08-25 19:12:12,039 - __main__ - INFO - ✓ Encontrado dispositivo: /dev/video3
2025-08-25 19:12:12,039 - __main__ - INFO - ✓ Encontrado dispositivo: /dev/video4
2025-08-25 19:12:12,040 - __main__ - INFO - ✓ Encontrado dispositivo: /dev/video5
2025-08-25 19:12:12,041 - __main__ - INFO - ✓ Encontrado dispositivo: /dev/video6
2025-08-25 19:12:12,041 - __main__ - INFO - ✓ Encontrado dispositivo: /dev/video7
2025-08-25 19:12:12,358 - __main__ - INFO - === DISPOSITIVOS V4L2 ===
2025-08-25 19:12:12,359 - __main__ - INFO - V4L2: USB CAMERA: USB CAMERA (usb-vhci_hcd.0-1):
2025-08-25 19:12:12,360 - __main__ - INFO - V4L2: /dev/video0
2025-08-25 19:12:12,360 - __main__ - INFO - V4L2: /dev/video1
2025-08-25 19:12:12,361 - __main__ - INFO - V4L2: /dev/media0
2025-08-25 19:12:12,362 - __main__ - INFO - V4L2: USB CAMERA: USB CAMERA (usb-vhci_hcd.0-2):
2025-08-25 19:12:12,362 - __main__ - INFO - V4L2: /dev/video2
2025-08-25 19:12:12,363 - __main__ - INFO - V4L2: /dev/video3
2025-08-25 19:12:12,364 - __main__ - INFO - V4L2: /dev/media1
2025-08-25 19:12:12,364 - __main__ - INFO - V4L2: USB CAMERA: USB CAMERA (usb-vhci_hcd.0-3):
2025-08-25 19:12:12,365 - __main__ - INFO - V4L2: /dev/video4
2025-08-25 19:12:12,366 - __main__ - INFO - V4L2: /dev/video5
2025-08-25 19:12:12,366 - __main__ - INFO - V4L2: /dev/media2
2025-08-25 19:12:12,367 - __main__ - INFO - V4L2: USB CAMERA: USB CAMERA (usb-vhci_hcd.0-4):
2025-08-25 19:12:12,367 - __main__ - INFO - V4L2: /dev/video6
2025-08-25 19:12:12,368 - __main__ - INFO - V4L2: /dev/video7
2025-08-25 19:12:12,369 - __main__ - INFO - V4L2: /dev/media3
2025-08-25 19:12:12,369 - __main__ - INFO - Dispositivo /dev/video0 - Permisos: 660
2025-08-25 19:12:12,370 - __main__ - INFO - Dispositivo /dev/video1 - Permisos: 660
2025-08-25 19:12:12,371 - __main__ - INFO - Dispositivo /dev/video2 - Permisos: 660
2025-08-25 19:12:12,372 - __main__ - INFO - Dispositivo /dev/video3 - Permisos: 660
2025-08-25 19:12:12,373 - __main__ - INFO - Dispositivo /dev/video4 - Permisos: 660
2025-08-25 19:12:12,373 - __main__ - INFO - Dispositivo /dev/video5 - Permisos: 660
2025-08-25 19:12:12,374 - __main__ - INFO - Dispositivo /dev/video6 - Permisos: 660
2025-08-25 19:12:12,375 - __main__ - INFO - Dispositivo /dev/video7 - Permisos: 660
2025-08-25 19:12:12,375 - __main__ - INFO - Probando cámara 0 con diferentes backends...
2025-08-25 19:12:12,376 - __main__ - DEBUG -   Backend AUTO para cámara 0...
2025-08-25 19:12:12,450 - __main__ - DEBUG -     Intento 1 de lectura...
2025-08-25 19:12:22,688 - __main__ - DEBUG -     Intento 2 de lectura...
2025-08-25 19:12:34,857 - __main__ - DEBUG -   Backend V4L2 para cámara 0...
2025-08-25 19:12:34,915 - __main__ - DEBUG -     Intento 1 de lectura...
2025-08-25 19:12:45,144 - __main__ - DEBUG -     Intento 2 de lectura...
2025-08-25 19:12:55,276 - __main__ - DEBUG -   Backend GSTREAMER para cámara 0...
2025-08-25 19:12:55,278 - __main__ - DEBUG -     GSTREAMER: No se puede abrir
2025-08-25 19:12:55,379 - __main__ - INFO - Probando cámara 2 con diferentes backends...
2025-08-25 19:12:55,380 - __main__ - DEBUG -   Backend AUTO para cámara 2...
2025-08-25 19:12:55,511 - __main__ - DEBUG -     Intento 1 de lectura...
2025-08-25 19:13:07,978 - __main__ - DEBUG -     Intento 2 de lectura...
2025-08-25 19:13:18,100 - __main__ - DEBUG -   Backend V4L2 para cámara 2...
2025-08-25 19:13:18,157 - __main__ - DEBUG -     Intento 1 de lectura...
2025-08-25 19:13:30,260 - __main__ - DEBUG -     Intento 2 de lectura...
2025-08-25 19:13:40,382 - __main__ - DEBUG -   Backend GSTREAMER para cámara 2...
2025-08-25 19:13:40,383 - __main__ - DEBUG -     GSTREAMER: No se puede abrir
2025-08-25 19:13:40,483 - __main__ - INFO - Probando cámara 4 con diferentes backends...
2025-08-25 19:13:40,484 - __main__ - DEBUG -   Backend AUTO para cámara 4...
2025-08-25 19:13:40,611 - __main__ - DEBUG -     Intento 1 de lectura...
2025-08-25 19:13:50,842 - __main__ - DEBUG -     Intento 2 de lectura...
2025-08-25 19:14:02,965 - __main__ - DEBUG -   Backend V4L2 para cámara 4...
2025-08-25 19:14:03,026 - __main__ - DEBUG -     Intento 1 de lectura...
2025-08-25 19:14:13,258 - __main__ - DEBUG -     Intento 2 de lectura...
2025-08-25 19:14:23,385 - __main__ - DEBUG -   Backend GSTREAMER para cámara 4...
2025-08-25 19:14:23,386 - __main__ - DEBUG -     GSTREAMER: No se puede abrir
2025-08-25 19:14:23,486 - __main__ - INFO - Probando cámara 6 con diferentes backends...
2025-08-25 19:14:23,487 - __main__ - DEBUG -   Backend AUTO para cámara 6...
2025-08-25 19:14:23,609 - __main__ - DEBUG -     Intento 1 de lectura...
2025-08-25 19:14:35,906 - __main__ - DEBUG -     Intento 2 de lectura...
2025-08-25 19:14:46,032 - __main__ - DEBUG -   Backend V4L2 para cámara 6...
2025-08-25 19:14:46,088 - __main__ - DEBUG -     Intento 1 de lectura...
2025-08-25 19:14:56,309 - __main__ - DEBUG -     Intento 2 de lectura...
2025-08-25 19:15:08,647 - __main__ - DEBUG -   Backend GSTREAMER para cámara 6...
2025-08-25 19:15:08,649 - __main__ - DEBUG -     GSTREAMER: No se puede abrir
2025-08-25 19:15:08,750 - __main__ - INFO - Cámaras funcionales detectadas: []
2025-08-25 19:15:08,751 - __main__ - ERROR - ❌ No se detectaron cámaras disponibles
2025-08-25 19:15:08,752 - __main__ - CRITICAL - ❌ ¡ADVERTENCIA! No se encontraron cámaras disponibles.
2025-08-25 19:15:08,752 - __main__ - INFO -  Sugerencias para Docker:
2025-08-25 19:15:08,753 - __main__ - INFO -    - Verifica que docker-compose.yml tiene 'privileged: true'
2025-08-25 19:15:08,754 - __main__ - INFO -    - Confirma que devices: /dev/video* están mapeados
2025-08-25 19:15:08,755 - __main__ - INFO -    - Asegúrate de que las cámaras no están siendo usadas por otras apps
2025-08-25 19:15:08,756 - __main__ - INFO -    - En el host, ejecuta: ls -la /dev/video*
2025-08-25 19:15:08,769 - werkzeug - INFO - [31m[1mWARNING: This is a development server. Do not use it in a production deployment. Use a production WSGI server instead.[0m
 * Running on all addresses (0.0.0.0)
 * Running on http://127.0.0.1:5000
 * Running on http://172.18.0.2:5000
2025-08-25 19:15:08,770 - werkzeug - INFO - [33mPress CTRL+C to quit[0m
2025-08-25 19:15:34,504 - __main__ - DEBUG - Solicitud de estado de cámaras
2025-08-25 19:15:34,506 - werkzeug - INFO - 127.0.0.1 - - [25/Aug/2025 19:15:34] "GET /status HTTP/1.1" 200 -
2025-08-25 19:15:41,011 - __main__ - INFO - Página principal cargada - Cámaras disponibles: []
2025-08-25 19:15:41,102 - werkzeug - INFO - 172.18.0.1 - - [25/Aug/2025 19:15:41] "GET / HTTP/1.1" 200 -
2025-08-25 19:15:41,128 - __main__ - DEBUG - Solicitud de estado de cámaras
2025-08-25 19:15:41,129 - werkzeug - INFO - 172.18.0.1 - - [25/Aug/2025 19:15:41] "GET /status HTTP/1.1" 200 -
2025-08-25 19:16:06,692 - __main__ - DEBUG - Solicitud de estado de cámaras
2025-08-25 19:16:06,693 - werkzeug - INFO - 127.0.0.1 - - [25/Aug/2025 19:16:06] "GET /status HTTP/1.1" 200 -
2025-08-25 19:16:11,315 - __main__ - DEBUG - Solicitud de estado de cámaras
2025-08-25 19:16:11,317 - werkzeug - INFO - 172.18.0.1 - - [25/Aug/2025 19:16:11] "GET /status HTTP/1.1" 200 -
2025-08-25 19:16:38,803 - __main__ - DEBUG - Solicitud de estado de cámaras
2025-08-25 19:16:38,804 - werkzeug - INFO - 127.0.0.1 - - [25/Aug/2025 19:16:38] "GET /status HTTP/1.1" 200 -
2025-08-25 19:16:39,423 - __main__ - DEBUG - Solicitud de estado de cámaras
2025-08-25 19:16:39,425 - werkzeug - INFO - 172.18.0.1 - - [25/Aug/2025 19:16:39] "GET /status HTTP/1.1" 200 -
2025-08-25 19:16:52,375 - __main__ - INFO - Página principal cargada - Cámaras disponibles: []
2025-08-25 19:16:52,376 - werkzeug - INFO - 172.18.0.1 - - [25/Aug/2025 19:16:52] "GET / HTTP/1.1" 200 -
2025-08-25 19:16:52,398 - __main__ - DEBUG - Solicitud de estado de cámaras
2025-08-25 19:16:52,400 - werkzeug - INFO - 172.18.0.1 - - [25/Aug/2025 19:16:52] "GET /status HTTP/1.1" 200 -
2025-08-25 19:17:10,878 - __main__ - DEBUG - Solicitud de estado de cámaras
2025-08-25 19:17:10,880 - werkzeug - INFO - 127.0.0.1 - - [25/Aug/2025 19:17:10] "GET /status HTTP/1.1" 200 -
2025-08-25 19:17:22,936 - __main__ - DEBUG - Solicitud de estado de cámaras
2025-08-25 19:17:22,938 - werkzeug - INFO - 172.18.0.1 - - [25/Aug/2025 19:17:22] "GET /status HTTP/1.1" 200 -
